[debug] [2021-05-28T14:51:10.429Z] ----------------------------------------------------------------------
[debug] [2021-05-28T14:51:10.430Z] Command:       C:\Program Files\nodejs\node.exe C:\Users\Joy\AppData\Roaming\npm\node_modules\firebase-tools\lib\bin\firebase.js init
[debug] [2021-05-28T14:51:10.430Z] CLI Version:   9.12.0
[debug] [2021-05-28T14:51:10.431Z] Platform:      win32
[debug] [2021-05-28T14:51:10.431Z] Node Version:  v12.18.2
[debug] [2021-05-28T14:51:10.432Z] Time:          Fri May 28 2021 20:21:10 GMT+0530 (India Standard Time)
[debug] [2021-05-28T14:51:10.432Z] ----------------------------------------------------------------------
[debug] 
[debug] [2021-05-28T14:51:10.434Z] >>> [apiv2][query] GET https://firebase-public.firebaseio.com/cli.json [none]
[debug] [2021-05-28T14:51:10.446Z] > command requires scopes: ["email","openid","https://www.googleapis.com/auth/cloudplatformprojects.readonly","https://www.googleapis.com/auth/firebase","https://www.googleapis.com/auth/cloud-platform"]
[debug] [2021-05-28T14:51:10.446Z] > authorizing via signed-in user (joydas1611@gmail.com)
[info] 
     ######## #### ########  ######## ########     ###     ######  ########
     ##        ##  ##     ## ##       ##     ##  ##   ##  ##       ##
     ######    ##  ########  ######   ########  #########  ######  ######
     ##        ##  ##    ##  ##       ##     ## ##     ##       ## ##
     ##       #### ##     ## ######## ########  ##     ##  ######  ########

You're about to initialize a Firebase project in this directory:

  D:\Project_Repository\React_Projects\guidepro

Before we get started, keep in mind:

  * You are initializing in an existing Firebase project directory

[debug] [2021-05-28T14:51:11.664Z] <<< [apiv2][status] GET https://firebase-public.firebaseio.com/cli.json 200
[debug] [2021-05-28T14:51:11.665Z] <<< [apiv2][body] GET https://firebase-public.firebaseio.com/cli.json {"cloudBuildErrorAfter":1594252800000,"cloudBuildWarnAfter":1590019200000,"defaultNode10After":1594252800000,"minVersion":"3.0.5","node8DeploysDisabledAfter":1613390400000,"node8RuntimeDisabledAfter":1615809600000,"node8WarnAfter":1600128000000}
[info] 
=== Project Setup
[info] 
[info] First, let's associate this project directory with a Firebase project.
[info] You can create multiple project aliases by running firebase use --add, 
[info] but for now we'll just set up a default project.
[info] 
[info] i  .firebaserc already has a default project, using guidepro-1816f. 
[debug] [2021-05-28T14:51:31.224Z] > refreshing access token with scopes: []
[debug] [2021-05-28T14:51:31.225Z] >>> HTTP REQUEST POST https://www.googleapis.com/oauth2/v3/token  
 <request body omitted>
[debug] [2021-05-28T14:51:31.832Z] <<< HTTP RESPONSE 200 {"expires":"Mon, 01 Jan 1990 00:00:00 GMT","cache-control":"no-cache, no-store, max-age=0, must-revalidate","pragma":"no-cache","date":"Fri, 28 May 2021 14:51:31 GMT","content-type":"application/json; charset=utf-8","vary":"X-Origin, Referer, Origin,Accept-Encoding","server":"scaffolding on HTTPServer2","x-xss-protection":"0","x-frame-options":"SAMEORIGIN","x-content-type-options":"nosniff","alt-svc":"h3-29=\":443\"; ma=2592000,h3-T051=\":443\"; ma=2592000,h3-Q050=\":443\"; ma=2592000,h3-Q046=\":443\"; ma=2592000,h3-Q043=\":443\"; ma=2592000,quic=\":443\"; ma=2592000; v=\"46,43\"","accept-ranges":"none","transfer-encoding":"chunked"}
[debug] [2021-05-28T14:51:31.864Z] >>> [apiv2][query] GET https://firebase.googleapis.com/v1beta1/projects/guidepro-1816f [none]
[debug] [2021-05-28T14:51:33.063Z] <<< [apiv2][status] GET https://firebase.googleapis.com/v1beta1/projects/guidepro-1816f 200
[debug] [2021-05-28T14:51:33.063Z] <<< [apiv2][body] GET https://firebase.googleapis.com/v1beta1/projects/guidepro-1816f {"projectId":"guidepro-1816f","projectNumber":"51910174014","displayName":"GuidePRO","name":"projects/guidepro-1816f","resources":{"hostingSite":"guidepro-1816f","storageBucket":"guidepro-1816f.appspot.com","locationId":"us-central"},"state":"ACTIVE"}
[info] 
=== Hosting Setup
[info] 
[info] Your public directory is the folder (relative to your project directory) that
[info] will contain Hosting assets to be uploaded with firebase deploy. If you
[info] have a build process for your assets, use your build's output directory.
[info] 
[debug] [2021-05-28T14:53:28.327Z] ----------------------------------------------------------------------
[debug] [2021-05-28T14:53:28.328Z] Command:       C:\Program Files\nodejs\node.exe C:\Users\Joy\AppData\Roaming\npm\node_modules\firebase-tools\lib\bin\firebase.js init
[debug] [2021-05-28T14:53:28.329Z] CLI Version:   9.12.0
[debug] [2021-05-28T14:53:28.329Z] Platform:      win32
[debug] [2021-05-28T14:53:28.329Z] Node Version:  v12.18.2
[debug] [2021-05-28T14:53:28.330Z] Time:          Fri May 28 2021 20:23:28 GMT+0530 (India Standard Time)
[debug] [2021-05-28T14:53:28.330Z] ----------------------------------------------------------------------
[debug] 
[debug] [2021-05-28T14:53:28.336Z] > command requires scopes: ["email","openid","https://www.googleapis.com/auth/cloudplatformprojects.readonly","https://www.googleapis.com/auth/firebase","https://www.googleapis.com/auth/cloud-platform"]
[debug] [2021-05-28T14:53:28.336Z] > authorizing via signed-in user (joydas1611@gmail.com)
[info] 
     ######## #### ########  ######## ########     ###     ######  ########
     ##        ##  ##     ## ##       ##     ##  ##   ##  ##       ##
     ######    ##  ########  ######   ########  #########  ######  ######
     ##        ##  ##    ##  ##       ##     ## ##     ##       ## ##
     ##       #### ##     ## ######## ########  ##     ##  ######  ########

You're about to initialize a Firebase project in this directory:

  D:\Project_Repository\React_Projects\guidepro

Before we get started, keep in mind:

  * You are initializing in an existing Firebase project directory

[info] 
=== Project Setup
[info] 
[info] First, let's associate this project directory with a Firebase project.
[info] You can create multiple project aliases by running firebase use --add, 
[info] but for now we'll just set up a default project.
[info] 
[info] i  .firebaserc already has a default project, using guidepro-1816f. 
[debug] [2021-05-28T14:53:33.620Z] >>> [apiv2][query] GET https://firebase.googleapis.com/v1beta1/projects/guidepro-1816f [none]
[debug] [2021-05-28T14:53:34.733Z] <<< [apiv2][status] GET https://firebase.googleapis.com/v1beta1/projects/guidepro-1816f 200
[debug] [2021-05-28T14:53:34.734Z] <<< [apiv2][body] GET https://firebase.googleapis.com/v1beta1/projects/guidepro-1816f {"projectId":"guidepro-1816f","projectNumber":"51910174014","displayName":"GuidePRO","name":"projects/guidepro-1816f","resources":{"hostingSite":"guidepro-1816f","storageBucket":"guidepro-1816f.appspot.com","locationId":"us-central"},"state":"ACTIVE"}
[info] 
=== Hosting Setup
[info] 
[info] Your public directory is the folder (relative to your project directory) that
[info] will contain Hosting assets to be uploaded with firebase deploy. If you
[info] have a build process for your assets, use your build's output directory.
[info] 
[info] +  Wrote build/404.html 
[debug] [2021-05-28T14:54:38.165Z] >>> [apiv2][query] GET https://www.gstatic.com/firebasejs/releases.json [none]
[debug] [2021-05-28T14:54:38.656Z] <<< [apiv2][status] GET https://www.gstatic.com/firebasejs/releases.json 200
[debug] [2021-05-28T14:54:38.656Z] <<< [apiv2][body] GET https://www.gstatic.com/firebasejs/releases.json {"current":{"version":"8.6.3","browserURL":"https://www.gstatic.com/firebasejs/8.6.3/firebase.js","packageURL":"https://www.gstatic.com/firebasejs/8.6.3/firebase.tgz"},"live":{"version":"8.6","browserURL":"https://www.gstatic.com/firebasejs/live/8.6/firebase.js","packageURL":"https://www.gstatic.com/firebasejs/live/8.6/firebase.tgz"},"components":{"analytics":"https://www.gstatic.com/firebasejs/8.6.3/firebase-analytics.js","app":"https://www.gstatic.com/firebasejs/8.6.3/firebase-app.js","app-check":"https://www.gstatic.com/firebasejs/8.6.3/firebase-app-check.js","auth":"https://www.gstatic.com/firebasejs/8.6.3/firebase-auth.js","database":"https://www.gstatic.com/firebasejs/8.6.3/firebase-database.js","firestore":"https://www.gstatic.com/firebasejs/8.6.3/firebase-firestore.js","functions":"https://www.gstatic.com/firebasejs/8.6.3/firebase-functions.js","installations":"https://www.gstatic.com/firebasejs/8.6.3/firebase-installations.js","messaging":"https://www.gstatic.com/firebasejs/8.6.3/firebase-messaging.js","storage":"https://www.gstatic.com/firebasejs/8.6.3/firebase-storage.js","performance":"https://www.gstatic.com/firebasejs/8.6.3/firebase-performance.js","remote-config":"https://www.gstatic.com/firebasejs/8.6.3/firebase-remote-config.js","firestore.memory":"https://www.gstatic.com/firebasejs/8.6.3/firebase-firestore.memory.js"}}
[info] i  Skipping write of build/index.html 
[info] 
[info] i  Detected a .git folder at D:\Project_Repository\React_Projects\guidepro 
[info] i  Authorizing with GitHub to upload your service account to a GitHub repository's secrets store. 
[info] 
[info] Visit this URL on this device to log in:
[info] https://github.com/login/oauth/authorize?client_id=89cf50f02ac6aaed3484&state=489542331&redirect_uri=http%3A%2F%2Flocalhost%3A9005&scope=read%3Auser%20repo%20public_repo
[info] 
[info] Waiting for authentication...
[debug] [2021-05-28T14:55:03.983Z] >>> HTTP REQUEST POST https://github.com/login/oauth/access_token  
 {"client_id":"89cf50f02ac6aaed3484","client_secret":"3330d14abc895d9a74d5f17cd7a00711fa2c5bf0","code":"b4b54639f8b905a4780d","redirect_uri":"http://localhost:9005","state":"489542331"}
[debug] [2021-05-28T14:55:04.523Z] <<< HTTP RESPONSE 200 {"server":"GitHub.com","date":"Fri, 28 May 2021 14:55:04 GMT","content-type":"application/json; charset=utf-8","transfer-encoding":"chunked","vary":"X-PJAX, Accept-Encoding, Accept, X-Requested-With","permissions-policy":"interest-cohort=()","etag":"W/\"e25bcf6d84413e3c19ff6f621da6bb54\"","cache-control":"max-age=0, private, must-revalidate","strict-transport-security":"max-age=31536000; includeSubdomains; preload","x-frame-options":"deny","x-content-type-options":"nosniff","x-xss-protection":"0","referrer-policy":"origin-when-cross-origin, strict-origin-when-cross-origin","expect-ct":"max-age=2592000, report-uri=\"https://api.github.com/_private/browser/errors\"","content-security-policy":"default-src 'none'; base-uri 'self'; block-all-mixed-content; connect-src 'self' uploads.github.com www.githubstatus.com collector.githubapp.com api.github.com github-cloud.s3.amazonaws.com github-production-repository-file-5c1aeb.s3.amazonaws.com github-production-upload-manifest-file-7fdce7.s3.amazonaws.com github-production-user-asset-6210df.s3.amazonaws.com html-translator.herokuapp.com cdn.optimizely.com logx.optimizely.com/v1/events wss://alive.github.com; font-src github.githubassets.com; form-action 'self' github.com gist.github.com; frame-ancestors 'none'; frame-src render.githubusercontent.com; img-src 'self' data: github.githubassets.com identicons.github.com collector.githubapp.com github-cloud.s3.amazonaws.com secured-user-images.githubusercontent.com/ *.githubusercontent.com; manifest-src 'self'; media-src 'none'; script-src github.githubassets.com; style-src 'unsafe-inline' github.githubassets.com; worker-src github.com/socket-worker-3f088aa2.js gist.github.com/socket-worker-3f088aa2.js","x-github-request-id":"CF54:02BC:4C4A65:52AA30:60B10448"}
[debug] [2021-05-28T14:55:04.532Z] >>> [apiv2][query] GET https://api.github.com/user [none]
[debug] [2021-05-28T14:55:04.981Z] <<< [apiv2][status] GET https://api.github.com/user 200
[debug] [2021-05-28T14:55:04.981Z] <<< [apiv2][body] GET https://api.github.com/user {"login":"joyjd","id":24732250,"node_id":"MDQ6VXNlcjI0NzMyMjUw","avatar_url":"https://avatars.githubusercontent.com/u/24732250?v=4","gravatar_id":"","url":"https://api.github.com/users/joyjd","html_url":"https://github.com/joyjd","followers_url":"https://api.github.com/users/joyjd/followers","following_url":"https://api.github.com/users/joyjd/following{/other_user}","gists_url":"https://api.github.com/users/joyjd/gists{/gist_id}","starred_url":"https://api.github.com/users/joyjd/starred{/owner}{/repo}","subscriptions_url":"https://api.github.com/users/joyjd/subscriptions","organizations_url":"https://api.github.com/users/joyjd/orgs","repos_url":"https://api.github.com/users/joyjd/repos","events_url":"https://api.github.com/users/joyjd/events{/privacy}","received_events_url":"https://api.github.com/users/joyjd/received_events","type":"User","site_admin":false,"name":"Joy Das","company":"github.ibm.com","blog":"","location":"India","email":"joydas1611@gmail.com","hireable":true,"bio":"A web-developer with almost a decade of experience in building versatile ,user-interaction rich web applications/websites and SPA's","twitter_username":null,"public_repos":7,"public_gists":0,"followers":0,"following":0,"created_at":"2016-12-23T10:51:09Z","updated_at":"2021-05-28T14:55:03Z","private_gists":0,"total_private_repos":4,"owned_private_repos":4,"disk_usage":80990,"collaborators":0,"two_factor_authentication":false,"plan":{"name":"free","space":976562499,"collaborators":0,"private_repos":10000}}
[info] 
[info] +  Success! Logged into GitHub as joyjd 
[info] 
